# JRE version: OpenJDK Runtime Environment (8.0_212-b04) (build 1.8.0_212-release-1586-b04)
# Java VM: OpenJDK 64-Bit Server VM (25.212-b04 mixed mode windows-amd64 compressed oops)
Heap:
 PSYoungGen      total 76288K, used 22582K [0x00000000e0000000, 0x00000000e8800000, 0x0000000100000000)
  eden space 65536K, 23% used [0x00000000e0000000,0x00000000e0f498c8,0x00000000e4000000)
  from space 10752K, 64% used [0x00000000e4000000,0x00000000e46c41e8,0x00000000e4a80000)
  to   space 10752K, 0% used [0x00000000e7d80000,0x00000000e7d80000,0x00000000e8800000)
 ParOldGen       total 79872K, used 3327K [0x00000000a0000000, 0x00000000a4e00000, 0x00000000e0000000)
  object space 79872K, 4% used [0x00000000a0000000,0x00000000a033fdd8,0x00000000a4e00000)
 Metaspace       used 16729K, capacity 17166K, committed 17408K, reserved 1067008K
  class space    used 2372K, capacity 2531K, committed 2560K, reserved 1048576K
GC Heap History (8 events):
Event: 3.641 GC heap before
{Heap before GC invocations=1 (full 0):
 PSYoungGen      total 76288K, used 65536K [0x00000000e0000000, 0x00000000e5500000, 0x0000000100000000)
  eden space 65536K, 100% used [0x00000000e0000000,0x00000000e4000000,0x00000000e4000000)
  from space 10752K, 0% used [0x00000000e4a80000,0x00000000e4a80000,0x00000000e5500000)
  to   space 10752K, 0% used [0x00000000e4000000,0x00000000e4000000,0x00000000e4a80000)
 ParOldGen       total 175104K, used 0K [0x00000000a0000000, 0x00000000aab00000, 0x00000000e0000000)
  object space 175104K, 0% used [0x00000000a0000000,0x00000000a0000000,0x00000000aab00000)
 Metaspace       used 6966K, capacity 7208K, committed 7424K, reserved 1056768K
  class space    used 854K, capacity 916K, committed 1024K, reserved 1048576K
Event: 3.651 GC heap after
Heap after GC invocations=1 (full 0):
 PSYoungGen      total 76288K, used 5622K [0x00000000e0000000, 0x00000000e5500000, 0x0000000100000000)
  eden space 65536K, 0% used [0x00000000e0000000,0x00000000e0000000,0x00000000e4000000)
  from space 10752K, 52% used [0x00000000e4000000,0x00000000e457dbf8,0x00000000e4a80000)
  to   space 10752K, 0% used [0x00000000e4a80000,0x00000000e4a80000,0x00000000e5500000)
 ParOldGen       total 175104K, used 8K [0x00000000a0000000, 0x00000000aab00000, 0x00000000e0000000)
  object space 175104K, 0% used [0x00000000a0000000,0x00000000a0002000,0x00000000aab00000)
 Metaspace       used 6966K, capacity 7208K, committed 7424K, reserved 1056768K
  class space    used 854K, capacity 916K, committed 1024K, reserved 1048576K
}
Event: 3.808 GC heap before
{Heap before GC invocations=2 (full 0):
 PSYoungGen      total 76288K, used 17838K [0x00000000e0000000, 0x00000000e5500000, 0x0000000100000000)
  eden space 65536K, 18% used [0x00000000e0000000,0x00000000e0bedc50,0x00000000e4000000)
  from space 10752K, 52% used [0x00000000e4000000,0x00000000e457dbf8,0x00000000e4a80000)
  to   space 10752K, 0% used [0x00000000e4a80000,0x00000000e4a80000,0x00000000e5500000)
 ParOldGen       total 175104K, used 8K [0x00000000a0000000, 0x00000000aab00000, 0x00000000e0000000)
  object space 175104K, 0% used [0x00000000a0000000,0x00000000a0002000,0x00000000aab00000)
 Metaspace       used 7681K, capacity 7914K, committed 8064K, reserved 1062912K
  class space    used 981K, capacity 1045K, committed 1152K, reserved 1048576K
Event: 3.817 GC heap after
Heap after GC invocations=2 (full 0):
 PSYoungGen      total 76288K, used 3488K [0x00000000e0000000, 0x00000000e5500000, 0x0000000100000000)
  eden space 65536K, 0% used [0x00000000e0000000,0x00000000e0000000,0x00000000e4000000)
  from space 10752K, 32% used [0x00000000e4a80000,0x00000000e4de8020,0x00000000e5500000)
  to   space 10752K, 0% used [0x00000000e4000000,0x00000000e4000000,0x00000000e4a80000)
 ParOldGen       total 175104K, used 16K [0x00000000a0000000, 0x00000000aab00000, 0x00000000e0000000)
  object space 175104K, 0% used [0x00000000a0000000,0x00000000a0004000,0x00000000aab00000)
 Metaspace       used 7681K, capacity 7914K, committed 8064K, reserved 1062912K
  class space    used 981K, capacity 1045K, committed 1152K, reserved 1048576K
}
Event: 3.817 GC heap before
{Heap before GC invocations=3 (full 1):
 PSYoungGen      total 76288K, used 3488K [0x00000000e0000000, 0x00000000e5500000, 0x0000000100000000)
  eden space 65536K, 0% used [0x00000000e0000000,0x00000000e0000000,0x00000000e4000000)
  from space 10752K, 32% used [0x00000000e4a80000,0x00000000e4de8020,0x00000000e5500000)
  to   space 10752K, 0% used [0x00000000e4000000,0x00000000e4000000,0x00000000e4a80000)
 ParOldGen       total 175104K, used 16K [0x00000000a0000000, 0x00000000aab00000, 0x00000000e0000000)
  object space 175104K, 0% used [0x00000000a0000000,0x00000000a0004000,0x00000000aab00000)
 Metaspace       used 7681K, capacity 7914K, committed 8064K, reserved 1062912K
  class space    used 981K, capacity 1045K, committed 1152K, reserved 1048576K
Event: 3.837 GC heap after
Heap after GC invocations=3 (full 1):
 PSYoungGen      total 76288K, used 0K [0x00000000e0000000, 0x00000000e5500000, 0x0000000100000000)
  eden space 65536K, 0% used [0x00000000e0000000,0x00000000e0000000,0x00000000e4000000)
  from space 10752K, 0% used [0x00000000e4a80000,0x00000000e4a80000,0x00000000e5500000)
  to   space 10752K, 0% used [0x00000000e4000000,0x00000000e4000000,0x00000000e4a80000)
 ParOldGen       total 79872K, used 3319K [0x00000000a0000000, 0x00000000a4e00000, 0x00000000e0000000)
  object space 79872K, 4% used [0x00000000a0000000,0x00000000a033ddd8,0x00000000a4e00000)
 Metaspace       used 7681K, capacity 7914K, committed 8064K, reserved 1060864K
  class space    used 981K, capacity 1045K, committed 1152K, reserved 1048576K
}
Event: 5.403 GC heap before
{Heap before GC invocations=4 (full 1):
 PSYoungGen      total 76288K, used 65536K [0x00000000e0000000, 0x00000000e5500000, 0x0000000100000000)
  eden space 65536K, 100% used [0x00000000e0000000,0x00000000e4000000,0x00000000e4000000)
  from space 10752K, 0% used [0x00000000e4a80000,0x00000000e4a80000,0x00000000e5500000)
  to   space 10752K, 0% used [0x00000000e4000000,0x00000000e4000000,0x00000000e4a80000)
 ParOldGen       total 79872K, used 3319K [0x00000000a0000000, 0x00000000a4e00000, 0x00000000e0000000)
  object space 79872K, 4% used [0x00000000a0000000,0x00000000a033ddd8,0x00000000a4e00000)
 Metaspace       used 14941K, capacity 15366K, committed 15616K, reserved 1067008K
  class space    used 2108K, capacity 2225K, committed 2304K, reserved 1048576K
Event: 5.414 GC heap after
Heap after GC invocations=4 (full 1):
 PSYoungGen      total 76288K, used 6928K [0x00000000e0000000, 0x00000000e8800000, 0x0000000100000000)
  eden space 65536K, 0% used [0x00000000e0000000,0x00000000e0000000,0x00000000e4000000)
  from space 10752K, 64% used [0x00000000e4000000,0x00000000e46c41e8,0x00000000e4a80000)
  to   space 10752K, 0% used [0x00000000e7d80000,0x00000000e7d80000,0x00000000e8800000)
 ParOldGen       total 79872K, used 3327K [0x00000000a0000000, 0x00000000a4e00000, 0x00000000e0000000)
  object space 79872K, 4% used [0x00000000a0000000,0x00000000a033fdd8,0x00000000a4e00000)
 Metaspace       used 14941K, capacity 15366K, committed 15616K, reserved 1067008K
  class space    used 2108K, capacity 2225K, committed 2304K, reserved 1048576K
}

